# JRE version: OpenJDK Runtime Environment Temurin-17.0.5+8 (17.0.5+8) (build 17.0.5+8)
# Java VM: OpenJDK 64-Bit Server VM Temurin-17.0.5+8 (17.0.5+8, mixed mode, emulated-client, tiered, compressed oops, compressed class ptrs, g1 gc, windows-amd64)
GC Precious Log:
 CPUs: 4 total, 4 available
 Memory: 3956M
 Large Page Support: Disabled
 NUMA Support: Disabled
 Compressed Oops: Enabled (32-bit)
 Heap Region Size: 1M
 Heap Min Capacity: 8M
 Heap Initial Capacity: 62M
 Heap Max Capacity: 990M
 Pre-touch: Disabled
 Parallel Workers: 4
 Concurrent Workers: 1
 Concurrent Refinement Workers: 4
 Periodic GC: Disabled
Heap:
 garbage-first heap   total 116736K, used 59589K [0x00000000c2200000, 0x0000000100000000)
  region size 1024K, 1 young (1024K), 1 survivors (1024K)
 Metaspace       used 40725K, committed 41088K, reserved 1089536K
  class space    used 5182K, committed 5312K, reserved 1048576K
GC Heap History (20 events):
Event: 13.403 GC heap after
{Heap after GC invocations=9 (full 0):
 garbage-first heap   total 58368K, used 20241K [0x00000000c2200000, 0x0000000100000000)
  region size 1024K, 2 young (2048K), 2 survivors (2048K)
 Metaspace       used 35065K, committed 35392K, reserved 1081344K
  class space    used 4531K, committed 4672K, reserved 1048576K
}
Event: 13.738 GC heap before
{Heap before GC invocations=9 (full 0):
 garbage-first heap   total 58368K, used 25361K [0x00000000c2200000, 0x0000000100000000)
  region size 1024K, 8 young (8192K), 2 survivors (2048K)
 Metaspace       used 35823K, committed 36160K, reserved 1081344K
  class space    used 4634K, committed 4800K, reserved 1048576K
}
Event: 13.749 GC heap after
{Heap after GC invocations=10 (full 0):
 garbage-first heap   total 58368K, used 20980K [0x00000000c2200000, 0x0000000100000000)
  region size 1024K, 1 young (1024K), 1 survivors (1024K)
 Metaspace       used 35823K, committed 36160K, reserved 1081344K
  class space    used 4634K, committed 4800K, reserved 1048576K
}
Event: 14.330 GC heap before
{Heap before GC invocations=11 (full 0):
 garbage-first heap   total 58368K, used 41460K [0x00000000c2200000, 0x0000000100000000)
  region size 1024K, 22 young (22528K), 1 survivors (1024K)
 Metaspace       used 36243K, committed 36608K, reserved 1081344K
  class space    used 4664K, committed 4800K, reserved 1048576K
}
Event: 14.341 GC heap after
{Heap after GC invocations=12 (full 0):
 garbage-first heap   total 58368K, used 25164K [0x00000000c2200000, 0x0000000100000000)
  region size 1024K, 3 young (3072K), 3 survivors (3072K)
 Metaspace       used 36243K, committed 36608K, reserved 1081344K
  class space    used 4664K, committed 4800K, reserved 1048576K
}
Event: 14.363 GC heap before
{Heap before GC invocations=12 (full 0):
 garbage-first heap   total 58368K, used 26188K [0x00000000c2200000, 0x0000000100000000)
  region size 1024K, 4 young (4096K), 3 survivors (3072K)
 Metaspace       used 36243K, committed 36608K, reserved 1081344K
  class space    used 4664K, committed 4800K, reserved 1048576K
}
Event: 14.373 GC heap after
{Heap after GC invocations=13 (full 0):
 garbage-first heap   total 58368K, used 25816K [0x00000000c2200000, 0x0000000100000000)
  region size 1024K, 1 young (1024K), 1 survivors (1024K)
 Metaspace       used 36243K, committed 36608K, reserved 1081344K
  class space    used 4664K, committed 4800K, reserved 1048576K
}
Event: 14.652 GC heap before
{Heap before GC invocations=13 (full 0):
 garbage-first heap   total 58368K, used 42200K [0x00000000c2200000, 0x0000000100000000)
  region size 1024K, 18 young (18432K), 1 survivors (1024K)
 Metaspace       used 36399K, committed 36736K, reserved 1081344K
  class space    used 4677K, committed 4800K, reserved 1048576K
}
Event: 14.660 GC heap after
{Heap after GC invocations=14 (full 0):
 garbage-first heap   total 58368K, used 29473K [0x00000000c2200000, 0x0000000100000000)
  region size 1024K, 3 young (3072K), 3 survivors (3072K)
 Metaspace       used 36399K, committed 36736K, reserved 1081344K
  class space    used 4677K, committed 4800K, reserved 1048576K
}
Event: 14.851 GC heap before
{Heap before GC invocations=14 (full 0):
 garbage-first heap   total 58368K, used 42785K [0x00000000c2200000, 0x0000000100000000)
  region size 1024K, 17 young (17408K), 3 survivors (3072K)
 Metaspace       used 36915K, committed 37248K, reserved 1081344K
  class space    used 4744K, committed 4864K, reserved 1048576K
}
Event: 14.865 GC heap after
{Heap after GC invocations=15 (full 0):
 garbage-first heap   total 116736K, used 31969K [0x00000000c2200000, 0x0000000100000000)
  region size 1024K, 3 young (3072K), 3 survivors (3072K)
 Metaspace       used 36915K, committed 37248K, reserved 1081344K
  class space    used 4744K, committed 4864K, reserved 1048576K
}
Event: 15.416 GC heap before
{Heap before GC invocations=16 (full 0):
 garbage-first heap   total 116736K, used 78049K [0x00000000c2200000, 0x0000000100000000)
  region size 1024K, 49 young (50176K), 3 survivors (3072K)
 Metaspace       used 38056K, committed 38336K, reserved 1089536K
  class space    used 4809K, committed 4928K, reserved 1048576K
}
Event: 15.448 GC heap after
{Heap after GC invocations=17 (full 0):
 garbage-first heap   total 116736K, used 40632K [0x00000000c2200000, 0x0000000100000000)
  region size 1024K, 7 young (7168K), 7 survivors (7168K)
 Metaspace       used 38056K, committed 38336K, reserved 1089536K
  class space    used 4809K, committed 4928K, reserved 1048576K
}
Event: 15.460 GC heap before
{Heap before GC invocations=17 (full 0):
 garbage-first heap   total 116736K, used 41656K [0x00000000c2200000, 0x0000000100000000)
  region size 1024K, 8 young (8192K), 7 survivors (7168K)
 Metaspace       used 38056K, committed 38336K, reserved 1089536K
  class space    used 4809K, committed 4928K, reserved 1048576K
}
Event: 15.477 GC heap after
{Heap after GC invocations=18 (full 0):
 garbage-first heap   total 116736K, used 41789K [0x00000000c2200000, 0x0000000100000000)
  region size 1024K, 1 young (1024K), 1 survivors (1024K)
 Metaspace       used 38056K, committed 38336K, reserved 1089536K
  class space    used 4809K, committed 4928K, reserved 1048576K
}
Event: 15.850 GC heap before
{Heap before GC invocations=18 (full 0):
 garbage-first heap   total 116736K, used 81725K [0x00000000c2200000, 0x0000000100000000)
  region size 1024K, 40 young (40960K), 1 survivors (1024K)
 Metaspace       used 38660K, committed 38976K, reserved 1089536K
  class space    used 4871K, committed 5056K, reserved 1048576K
}
Event: 15.885 GC heap after
{Heap after GC invocations=19 (full 0):
 garbage-first heap   total 116736K, used 53248K [0x00000000c2200000, 0x0000000100000000)
  region size 1024K, 5 young (5120K), 5 survivors (5120K)
 Metaspace       used 38660K, committed 38976K, reserved 1089536K
  class space    used 4871K, committed 5056K, reserved 1048576K
}
Event: 17.143 GC heap before
{Heap before GC invocations=19 (full 0):
 garbage-first heap   total 116736K, used 82944K [0x00000000c2200000, 0x0000000100000000)
  region size 1024K, 35 young (35840K), 5 survivors (5120K)
 Metaspace       used 40717K, committed 41088K, reserved 1089536K
  class space    used 5180K, committed 5312K, reserved 1048576K
}
Event: 17.171 GC heap after
{Heap after GC invocations=20 (full 0):
 garbage-first heap   total 116736K, used 58576K [0x00000000c2200000, 0x0000000100000000)
  region size 1024K, 5 young (5120K), 5 survivors (5120K)
 Metaspace       used 40717K, committed 41088K, reserved 1089536K
  class space    used 5180K, committed 5312K, reserved 1048576K
}
Event: 17.178 GC heap before
{Heap before GC invocations=20 (full 0):
 garbage-first heap   total 116736K, used 58576K [0x00000000c2200000, 0x0000000100000000)
  region size 1024K, 6 young (6144K), 5 survivors (5120K)
 Metaspace       used 40725K, committed 41088K, reserved 1089536K
  class space    used 5182K, committed 5312K, reserved 1048576K
}

