# JRE version: OpenJDK Runtime Environment Temurin-17.0.5+8 (17.0.5+8) (build 17.0.5+8)
# Java VM: OpenJDK 64-Bit Server VM Temurin-17.0.5+8 (17.0.5+8, mixed mode, emulated-client, tiered, compressed oops, compressed class ptrs, g1 gc, windows-amd64)
GC Precious Log:
 CPUs: 4 total, 4 available
 Memory: 3956M
 Large Page Support: Disabled
 NUMA Support: Disabled
 Compressed Oops: Enabled (32-bit)
 Heap Region Size: 1M
 Heap Min Capacity: 8M
 Heap Initial Capacity: 62M
 Heap Max Capacity: 990M
 Pre-touch: Disabled
 Parallel Workers: 4
 Concurrent Workers: 1
 Concurrent Refinement Workers: 4
 Periodic GC: Disabled
Heap:
 garbage-first heap   total 96256K, used 57111K [0x00000000c2200000, 0x0000000100000000)
  region size 1024K, 1 young (1024K), 1 survivors (1024K)
 Metaspace       used 40997K, committed 41408K, reserved 1089536K
  class space    used 5222K, committed 5376K, reserved 1048576K
GC Heap History (20 events):
Event: 13.751 GC heap after
{Heap after GC invocations=10 (full 0):
 garbage-first heap   total 54272K, used 19144K [0x00000000c2200000, 0x0000000100000000)
  region size 1024K, 1 young (1024K), 1 survivors (1024K)
 Metaspace       used 35822K, committed 36160K, reserved 1081344K
  class space    used 4639K, committed 4800K, reserved 1048576K
}
Event: 14.296 GC heap before
{Heap before GC invocations=11 (full 0):
 garbage-first heap   total 54272K, used 39624K [0x00000000c2200000, 0x0000000100000000)
  region size 1024K, 22 young (22528K), 1 survivors (1024K)
 Metaspace       used 36249K, committed 36608K, reserved 1081344K
  class space    used 4666K, committed 4800K, reserved 1048576K
}
Event: 14.308 GC heap after
{Heap after GC invocations=12 (full 0):
 garbage-first heap   total 54272K, used 23699K [0x00000000c2200000, 0x0000000100000000)
  region size 1024K, 3 young (3072K), 3 survivors (3072K)
 Metaspace       used 36249K, committed 36608K, reserved 1081344K
  class space    used 4666K, committed 4800K, reserved 1048576K
}
Event: 14.592 GC heap before
{Heap before GC invocations=12 (full 0):
 garbage-first heap   total 54272K, used 38035K [0x00000000c2200000, 0x0000000100000000)
  region size 1024K, 18 young (18432K), 3 survivors (3072K)
 Metaspace       used 36515K, committed 36864K, reserved 1081344K
  class space    used 4693K, committed 4864K, reserved 1048576K
}
Event: 14.604 GC heap after
{Heap after GC invocations=13 (full 0):
 garbage-first heap   total 54272K, used 26819K [0x00000000c2200000, 0x0000000100000000)
  region size 1024K, 3 young (3072K), 3 survivors (3072K)
 Metaspace       used 36515K, committed 36864K, reserved 1081344K
  class space    used 4693K, committed 4864K, reserved 1048576K
}
Event: 14.783 GC heap before
{Heap before GC invocations=13 (full 0):
 garbage-first heap   total 54272K, used 39107K [0x00000000c2200000, 0x0000000100000000)
  region size 1024K, 16 young (16384K), 3 survivors (3072K)
 Metaspace       used 37018K, committed 37312K, reserved 1081344K
  class space    used 4751K, committed 4864K, reserved 1048576K
}
Event: 14.794 GC heap after
{Heap after GC invocations=14 (full 0):
 garbage-first heap   total 54272K, used 29216K [0x00000000c2200000, 0x0000000100000000)
  region size 1024K, 2 young (2048K), 2 survivors (2048K)
 Metaspace       used 37018K, committed 37312K, reserved 1081344K
  class space    used 4751K, committed 4864K, reserved 1048576K
}
Event: 14.954 GC heap before
{Heap before GC invocations=14 (full 0):
 garbage-first heap   total 65536K, used 39456K [0x00000000c2200000, 0x0000000100000000)
  region size 1024K, 13 young (13312K), 2 survivors (2048K)
 Metaspace       used 37174K, committed 37504K, reserved 1081344K
  class space    used 4766K, committed 4928K, reserved 1048576K
}
Event: 14.967 GC heap after
{Heap after GC invocations=15 (full 0):
 garbage-first heap   total 87040K, used 31362K [0x00000000c2200000, 0x0000000100000000)
  region size 1024K, 2 young (2048K), 2 survivors (2048K)
 Metaspace       used 37174K, committed 37504K, reserved 1081344K
  class space    used 4766K, committed 4928K, reserved 1048576K
}
Event: 15.310 GC heap before
{Heap before GC invocations=16 (full 0):
 garbage-first heap   total 87040K, used 62082K [0x00000000c2200000, 0x0000000100000000)
  region size 1024K, 33 young (33792K), 2 survivors (2048K)
 Metaspace       used 38058K, committed 38336K, reserved 1089536K
  class space    used 4811K, committed 4928K, reserved 1048576K
}
Event: 15.328 GC heap after
{Heap after GC invocations=17 (full 0):
 garbage-first heap   total 87040K, used 37204K [0x00000000c2200000, 0x0000000100000000)
  region size 1024K, 5 young (5120K), 5 survivors (5120K)
 Metaspace       used 38058K, committed 38336K, reserved 1089536K
  class space    used 4811K, committed 4928K, reserved 1048576K
}
Event: 15.513 GC heap before
{Heap before GC invocations=17 (full 0):
 garbage-first heap   total 87040K, used 62804K [0x00000000c2200000, 0x0000000100000000)
  region size 1024K, 31 young (31744K), 5 survivors (5120K)
 Metaspace       used 38217K, committed 38528K, reserved 1089536K
  class space    used 4825K, committed 4928K, reserved 1048576K
}
Event: 15.536 GC heap after
{Heap after GC invocations=18 (full 0):
 garbage-first heap   total 87040K, used 41960K [0x00000000c2200000, 0x0000000100000000)
  region size 1024K, 4 young (4096K), 4 survivors (4096K)
 Metaspace       used 38217K, committed 38528K, reserved 1089536K
  class space    used 4825K, committed 4928K, reserved 1048576K
}
Event: 15.801 GC heap before
{Heap before GC invocations=18 (full 0):
 garbage-first heap   total 87040K, used 64488K [0x00000000c2200000, 0x0000000100000000)
  region size 1024K, 27 young (27648K), 4 survivors (4096K)
 Metaspace       used 38680K, committed 39040K, reserved 1089536K
  class space    used 4877K, committed 5056K, reserved 1048576K
}
Event: 15.833 GC heap after
{Heap after GC invocations=19 (full 0):
 garbage-first heap   total 87040K, used 50059K [0x00000000c2200000, 0x0000000100000000)
  region size 1024K, 4 young (4096K), 4 survivors (4096K)
 Metaspace       used 38680K, committed 39040K, reserved 1089536K
  class space    used 4877K, committed 5056K, reserved 1048576K
}
Event: 16.540 GC heap before
{Heap before GC invocations=19 (full 0):
 garbage-first heap   total 87040K, used 65419K [0x00000000c2200000, 0x0000000100000000)
  region size 1024K, 20 young (20480K), 4 survivors (4096K)
 Metaspace       used 39582K, committed 39936K, reserved 1089536K
  class space    used 5010K, committed 5184K, reserved 1048576K
}
Event: 16.561 GC heap after
{Heap after GC invocations=20 (full 0):
 garbage-first heap   total 87040K, used 52683K [0x00000000c2200000, 0x0000000100000000)
  region size 1024K, 2 young (2048K), 2 survivors (2048K)
 Metaspace       used 39582K, committed 39936K, reserved 1089536K
  class space    used 5010K, committed 5184K, reserved 1048576K
}
Event: 17.197 GC heap before
{Heap before GC invocations=21 (full 0):
 garbage-first heap   total 96256K, used 68043K [0x00000000c2200000, 0x0000000100000000)
  region size 1024K, 17 young (17408K), 2 survivors (2048K)
 Metaspace       used 40957K, committed 41344K, reserved 1089536K
  class space    used 5209K, committed 5376K, reserved 1048576K
}
Event: 17.212 GC heap after
{Heap after GC invocations=22 (full 0):
 garbage-first heap   total 96256K, used 56894K [0x00000000c2200000, 0x0000000100000000)
  region size 1024K, 3 young (3072K), 3 survivors (3072K)
 Metaspace       used 40957K, committed 41344K, reserved 1089536K
  class space    used 5209K, committed 5376K, reserved 1048576K
}
Event: 17.225 GC heap before
{Heap before GC invocations=22 (full 0):
 garbage-first heap   total 96256K, used 57918K [0x00000000c2200000, 0x0000000100000000)
  region size 1024K, 4 young (4096K), 3 survivors (3072K)
 Metaspace       used 40997K, committed 41408K, reserved 1089536K
  class space    used 5222K, committed 5376K, reserved 1048576K
}

