# JRE version: OpenJDK Runtime Environment Temurin-17.0.5+8 (17.0.5+8) (build 17.0.5+8)
# Java VM: OpenJDK 64-Bit Server VM Temurin-17.0.5+8 (17.0.5+8, mixed mode, emulated-client, tiered, compressed oops, compressed class ptrs, g1 gc, windows-amd64)
GC Precious Log:
 CPUs: 4 total, 4 available
 Memory: 3956M
 Large Page Support: Disabled
 NUMA Support: Disabled
 Compressed Oops: Enabled (32-bit)
 Heap Region Size: 1M
 Heap Min Capacity: 8M
 Heap Initial Capacity: 62M
 Heap Max Capacity: 990M
 Pre-touch: Disabled
 Parallel Workers: 4
 Concurrent Workers: 1
 Concurrent Refinement Workers: 4
 Periodic GC: Disabled
Heap:
 garbage-first heap   total 96256K, used 27974K [0x00000000c2200000, 0x0000000100000000)
  region size 1024K, 1 young (1024K), 0 survivors (0K)
 Metaspace       used 52867K, committed 53312K, reserved 1097728K
  class space    used 7274K, committed 7488K, reserved 1048576K
GC Heap History (20 events):
Event: 16443.076 GC heap before
{Heap before GC invocations=1142 (full 980):
 garbage-first heap   total 96256K, used 81355K [0x00000000c2200000, 0x0000000100000000)
  region size 1024K, 53 young (54272K), 1 survivors (1024K)
 Metaspace       used 52867K, committed 53312K, reserved 1097728K
  class space    used 7274K, committed 7488K, reserved 1048576K
}
Event: 16443.081 GC heap after
{Heap after GC invocations=1143 (full 980):
 garbage-first heap   total 96256K, used 28109K [0x00000000c2200000, 0x0000000100000000)
  region size 1024K, 1 young (1024K), 1 survivors (1024K)
 Metaspace       used 52867K, committed 53312K, reserved 1097728K
  class space    used 7274K, committed 7488K, reserved 1048576K
}
Event: 16479.559 GC heap before
{Heap before GC invocations=1143 (full 980):
 garbage-first heap   total 96256K, used 81357K [0x00000000c2200000, 0x0000000100000000)
  region size 1024K, 53 young (54272K), 1 survivors (1024K)
 Metaspace       used 52867K, committed 53312K, reserved 1097728K
  class space    used 7274K, committed 7488K, reserved 1048576K
}
Event: 16479.564 GC heap after
{Heap after GC invocations=1144 (full 980):
 garbage-first heap   total 96256K, used 28109K [0x00000000c2200000, 0x0000000100000000)
  region size 1024K, 1 young (1024K), 1 survivors (1024K)
 Metaspace       used 52867K, committed 53312K, reserved 1097728K
  class space    used 7274K, committed 7488K, reserved 1048576K
}
Event: 16520.852 GC heap before
{Heap before GC invocations=1144 (full 980):
 garbage-first heap   total 96256K, used 81357K [0x00000000c2200000, 0x0000000100000000)
  region size 1024K, 53 young (54272K), 1 survivors (1024K)
 Metaspace       used 52867K, committed 53312K, reserved 1097728K
  class space    used 7274K, committed 7488K, reserved 1048576K
}
Event: 16520.855 GC heap after
{Heap after GC invocations=1145 (full 980):
 garbage-first heap   total 96256K, used 28107K [0x00000000c2200000, 0x0000000100000000)
  region size 1024K, 1 young (1024K), 1 survivors (1024K)
 Metaspace       used 52867K, committed 53312K, reserved 1097728K
  class space    used 7274K, committed 7488K, reserved 1048576K
}
Event: 16569.024 GC heap before
{Heap before GC invocations=1145 (full 980):
 garbage-first heap   total 96256K, used 81355K [0x00000000c2200000, 0x0000000100000000)
  region size 1024K, 53 young (54272K), 1 survivors (1024K)
 Metaspace       used 52867K, committed 53312K, reserved 1097728K
  class space    used 7274K, committed 7488K, reserved 1048576K
}
Event: 16569.029 GC heap after
{Heap after GC invocations=1146 (full 980):
 garbage-first heap   total 96256K, used 28103K [0x00000000c2200000, 0x0000000100000000)
  region size 1024K, 1 young (1024K), 1 survivors (1024K)
 Metaspace       used 52867K, committed 53312K, reserved 1097728K
  class space    used 7274K, committed 7488K, reserved 1048576K
}
Event: 16626.276 GC heap before
{Heap before GC invocations=1146 (full 980):
 garbage-first heap   total 96256K, used 81351K [0x00000000c2200000, 0x0000000100000000)
  region size 1024K, 53 young (54272K), 1 survivors (1024K)
 Metaspace       used 52867K, committed 53312K, reserved 1097728K
  class space    used 7274K, committed 7488K, reserved 1048576K
}
Event: 16626.279 GC heap after
{Heap after GC invocations=1147 (full 980):
 garbage-first heap   total 96256K, used 28107K [0x00000000c2200000, 0x0000000100000000)
  region size 1024K, 1 young (1024K), 1 survivors (1024K)
 Metaspace       used 52867K, committed 53312K, reserved 1097728K
  class space    used 7274K, committed 7488K, reserved 1048576K
}
Event: 16693.856 GC heap before
{Heap before GC invocations=1147 (full 980):
 garbage-first heap   total 96256K, used 81355K [0x00000000c2200000, 0x0000000100000000)
  region size 1024K, 53 young (54272K), 1 survivors (1024K)
 Metaspace       used 52867K, committed 53312K, reserved 1097728K
  class space    used 7274K, committed 7488K, reserved 1048576K
}
Event: 16693.860 GC heap after
{Heap after GC invocations=1148 (full 980):
 garbage-first heap   total 96256K, used 28114K [0x00000000c2200000, 0x0000000100000000)
  region size 1024K, 1 young (1024K), 1 survivors (1024K)
 Metaspace       used 52867K, committed 53312K, reserved 1097728K
  class space    used 7274K, committed 7488K, reserved 1048576K
}
Event: 16781.149 GC heap before
{Heap before GC invocations=1148 (full 980):
 garbage-first heap   total 96256K, used 81362K [0x00000000c2200000, 0x0000000100000000)
  region size 1024K, 53 young (54272K), 1 survivors (1024K)
 Metaspace       used 52867K, committed 53312K, reserved 1097728K
  class space    used 7274K, committed 7488K, reserved 1048576K
}
Event: 16781.153 GC heap after
{Heap after GC invocations=1149 (full 980):
 garbage-first heap   total 96256K, used 28121K [0x00000000c2200000, 0x0000000100000000)
  region size 1024K, 1 young (1024K), 1 survivors (1024K)
 Metaspace       used 52867K, committed 53312K, reserved 1097728K
  class space    used 7274K, committed 7488K, reserved 1048576K
}
Event: 17026.546 GC heap before
{Heap before GC invocations=1149 (full 980):
 garbage-first heap   total 96256K, used 81369K [0x00000000c2200000, 0x0000000100000000)
  region size 1024K, 53 young (54272K), 1 survivors (1024K)
 Metaspace       used 52867K, committed 53312K, reserved 1097728K
  class space    used 7274K, committed 7488K, reserved 1048576K
}
Event: 17026.552 GC heap after
{Heap after GC invocations=1150 (full 980):
 garbage-first heap   total 96256K, used 28119K [0x00000000c2200000, 0x0000000100000000)
  region size 1024K, 1 young (1024K), 1 survivors (1024K)
 Metaspace       used 52867K, committed 53312K, reserved 1097728K
  class space    used 7274K, committed 7488K, reserved 1048576K
}
Event: 17437.947 GC heap before
{Heap before GC invocations=1150 (full 980):
 garbage-first heap   total 96256K, used 48599K [0x00000000c2200000, 0x0000000100000000)
  region size 1024K, 22 young (22528K), 1 survivors (1024K)
 Metaspace       used 52867K, committed 53312K, reserved 1097728K
  class space    used 7274K, committed 7488K, reserved 1048576K
}
Event: 17439.293 GC heap after
{Heap after GC invocations=1151 (full 981):
 garbage-first heap   total 96256K, used 27974K [0x00000000c2200000, 0x0000000100000000)
  region size 1024K, 0 young (0K), 0 survivors (0K)
 Metaspace       used 52867K, committed 53312K, reserved 1097728K
  class space    used 7274K, committed 7488K, reserved 1048576K
}
Event: 17449.760 GC heap before
{Heap before GC invocations=1151 (full 981):
 garbage-first heap   total 96256K, used 27974K [0x00000000c2200000, 0x0000000100000000)
  region size 1024K, 1 young (1024K), 0 survivors (0K)
 Metaspace       used 52867K, committed 53312K, reserved 1097728K
  class space    used 7274K, committed 7488K, reserved 1048576K
}
Event: 17449.911 GC heap after
{Heap after GC invocations=1152 (full 982):
 garbage-first heap   total 96256K, used 27974K [0x00000000c2200000, 0x0000000100000000)
  region size 1024K, 0 young (0K), 0 survivors (0K)
 Metaspace       used 52867K, committed 53312K, reserved 1097728K
  class space    used 7274K, committed 7488K, reserved 1048576K
}

