# JRE version: OpenJDK Runtime Environment Temurin-17.0.5+8 (17.0.5+8) (build 17.0.5+8)
# Java VM: OpenJDK 64-Bit Server VM Temurin-17.0.5+8 (17.0.5+8, mixed mode, emulated-client, tiered, compressed oops, compressed class ptrs, g1 gc, windows-amd64)
GC Precious Log:
 CPUs: 4 total, 4 available
 Memory: 3956M
 Large Page Support: Disabled
 NUMA Support: Disabled
 Compressed Oops: Enabled (32-bit)
 Heap Region Size: 1M
 Heap Min Capacity: 8M
 Heap Initial Capacity: 62M
 Heap Max Capacity: 990M
 Pre-touch: Disabled
 Parallel Workers: 4
 Concurrent Workers: 1
 Concurrent Refinement Workers: 4
 Periodic GC: Disabled
Heap:
 garbage-first heap   total 63488K, used 30588K [0x00000000c2200000, 0x0000000100000000)
  region size 1024K, 3 young (3072K), 3 survivors (3072K)
 Metaspace       used 36902K, committed 37248K, reserved 1081344K
  class space    used 4741K, committed 4864K, reserved 1048576K
GC Heap History (20 events):
Event: 8.570 GC heap after
{Heap after GC invocations=3 (full 0):
 garbage-first heap   total 63488K, used 9954K [0x00000000c2200000, 0x0000000100000000)
  region size 1024K, 3 young (3072K), 3 survivors (3072K)
 Metaspace       used 15275K, committed 15424K, reserved 1064960K
  class space    used 1837K, committed 1920K, reserved 1048576K
}
Event: 10.150 GC heap before
{Heap before GC invocations=3 (full 0):
 garbage-first heap   total 63488K, used 35554K [0x00000000c2200000, 0x0000000100000000)
  region size 1024K, 30 young (30720K), 3 survivors (3072K)
 Metaspace       used 21342K, committed 21504K, reserved 1073152K
  class space    used 2597K, committed 2688K, reserved 1048576K
}
Event: 10.168 GC heap after
{Heap after GC invocations=4 (full 0):
 garbage-first heap   total 63488K, used 11753K [0x00000000c2200000, 0x0000000100000000)
  region size 1024K, 4 young (4096K), 4 survivors (4096K)
 Metaspace       used 21342K, committed 21504K, reserved 1073152K
  class space    used 2597K, committed 2688K, reserved 1048576K
}
Event: 11.751 GC heap before
{Heap before GC invocations=5 (full 0):
 garbage-first heap   total 48128K, used 35305K [0x00000000c2200000, 0x0000000100000000)
  region size 1024K, 28 young (28672K), 4 survivors (4096K)
 Metaspace       used 24994K, committed 25216K, reserved 1073152K
  class space    used 3063K, committed 3200K, reserved 1048576K
}
Event: 11.771 GC heap after
{Heap after GC invocations=6 (full 0):
 garbage-first heap   total 48128K, used 13385K [0x00000000c2200000, 0x0000000100000000)
  region size 1024K, 4 young (4096K), 4 survivors (4096K)
 Metaspace       used 24994K, committed 25216K, reserved 1073152K
  class space    used 3063K, committed 3200K, reserved 1048576K
}
Event: 11.874 GC heap before
{Heap before GC invocations=6 (full 0):
 garbage-first heap   total 48128K, used 13385K [0x00000000c2200000, 0x0000000100000000)
  region size 1024K, 5 young (5120K), 4 survivors (4096K)
 Metaspace       used 25229K, committed 25472K, reserved 1073152K
  class space    used 3094K, committed 3264K, reserved 1048576K
}
Event: 11.897 GC heap after
{Heap after GC invocations=7 (full 0):
 garbage-first heap   total 58368K, used 13716K [0x00000000c2200000, 0x0000000100000000)
  region size 1024K, 1 young (1024K), 1 survivors (1024K)
 Metaspace       used 25229K, committed 25472K, reserved 1073152K
  class space    used 3094K, committed 3264K, reserved 1048576K
}
Event: 14.210 GC heap before
{Heap before GC invocations=7 (full 0):
 garbage-first heap   total 58368K, used 38292K [0x00000000c2200000, 0x0000000100000000)
  region size 1024K, 26 young (26624K), 1 survivors (1024K)
 Metaspace       used 29526K, committed 29824K, reserved 1081344K
  class space    used 3700K, committed 3840K, reserved 1048576K
}
Event: 14.231 GC heap after
{Heap after GC invocations=8 (full 0):
 garbage-first heap   total 58368K, used 16023K [0x00000000c2200000, 0x0000000100000000)
  region size 1024K, 3 young (3072K), 3 survivors (3072K)
 Metaspace       used 29526K, committed 29824K, reserved 1081344K
  class space    used 3700K, committed 3840K, reserved 1048576K
}
Event: 16.854 GC heap before
{Heap before GC invocations=8 (full 0):
 garbage-first heap   total 58368K, used 40599K [0x00000000c2200000, 0x0000000100000000)
  region size 1024K, 27 young (27648K), 3 survivors (3072K)
 Metaspace       used 34074K, committed 34368K, reserved 1081344K
  class space    used 4377K, committed 4544K, reserved 1048576K
}
Event: 16.872 GC heap after
{Heap after GC invocations=9 (full 0):
 garbage-first heap   total 58368K, used 18182K [0x00000000c2200000, 0x0000000100000000)
  region size 1024K, 3 young (3072K), 3 survivors (3072K)
 Metaspace       used 34074K, committed 34368K, reserved 1081344K
  class space    used 4377K, committed 4544K, reserved 1048576K
}
Event: 18.131 GC heap before
{Heap before GC invocations=9 (full 0):
 garbage-first heap   total 58368K, used 28422K [0x00000000c2200000, 0x0000000100000000)
  region size 1024K, 14 young (14336K), 3 survivors (3072K)
 Metaspace       used 35675K, committed 35968K, reserved 1081344K
  class space    used 4626K, committed 4800K, reserved 1048576K
}
Event: 18.145 GC heap after
{Heap after GC invocations=10 (full 0):
 garbage-first heap   total 58368K, used 18896K [0x00000000c2200000, 0x0000000100000000)
  region size 1024K, 3 young (3072K), 3 survivors (3072K)
 Metaspace       used 35675K, committed 35968K, reserved 1081344K
  class space    used 4626K, committed 4800K, reserved 1048576K
}
Event: 18.777 GC heap before
{Heap before GC invocations=11 (full 0):
 garbage-first heap   total 58368K, used 42448K [0x00000000c2200000, 0x0000000100000000)
  region size 1024K, 27 young (27648K), 3 survivors (3072K)
 Metaspace       used 36170K, committed 36480K, reserved 1081344K
  class space    used 4665K, committed 4800K, reserved 1048576K
}
Event: 18.797 GC heap after
{Heap after GC invocations=12 (full 0):
 garbage-first heap   total 58368K, used 23264K [0x00000000c2200000, 0x0000000100000000)
  region size 1024K, 4 young (4096K), 4 survivors (4096K)
 Metaspace       used 36170K, committed 36480K, reserved 1081344K
  class space    used 4665K, committed 4800K, reserved 1048576K
}
Event: 18.830 GC heap before
{Heap before GC invocations=12 (full 0):
 garbage-first heap   total 58368K, used 23264K [0x00000000c2200000, 0x0000000100000000)
  region size 1024K, 5 young (5120K), 4 survivors (4096K)
 Metaspace       used 36243K, committed 36608K, reserved 1081344K
  class space    used 4666K, committed 4800K, reserved 1048576K
}
Event: 18.843 GC heap after
{Heap after GC invocations=13 (full 0):
 garbage-first heap   total 58368K, used 24023K [0x00000000c2200000, 0x0000000100000000)
  region size 1024K, 1 young (1024K), 1 survivors (1024K)
 Metaspace       used 36243K, committed 36608K, reserved 1081344K
  class space    used 4666K, committed 4800K, reserved 1048576K
}
Event: 19.117 GC heap before
{Heap before GC invocations=13 (full 0):
 garbage-first heap   total 58368K, used 42455K [0x00000000c2200000, 0x0000000100000000)
  region size 1024K, 20 young (20480K), 1 survivors (1024K)
 Metaspace       used 36339K, committed 36672K, reserved 1081344K
  class space    used 4677K, committed 4800K, reserved 1048576K
}
Event: 19.126 GC heap after
{Heap after GC invocations=14 (full 0):
 garbage-first heap   total 58368K, used 27862K [0x00000000c2200000, 0x0000000100000000)
  region size 1024K, 3 young (3072K), 3 survivors (3072K)
 Metaspace       used 36339K, committed 36672K, reserved 1081344K
  class space    used 4677K, committed 4800K, reserved 1048576K
}
Event: 19.366 GC heap before
{Heap before GC invocations=14 (full 0):
 garbage-first heap   total 58368K, used 42198K [0x00000000c2200000, 0x0000000100000000)
  region size 1024K, 18 young (18432K), 3 survivors (3072K)
 Metaspace       used 36902K, committed 37248K, reserved 1081344K
  class space    used 4741K, committed 4864K, reserved 1048576K
}

