# JRE version: OpenJDK Runtime Environment Temurin-17.0.5+8 (17.0.5+8) (build 17.0.5+8)
# Java VM: OpenJDK 64-Bit Server VM Temurin-17.0.5+8 (17.0.5+8, mixed mode, emulated-client, tiered, compressed oops, compressed class ptrs, g1 gc, windows-amd64)
GC Precious Log:
 CPUs: 4 total, 4 available
 Memory: 3956M
 Large Page Support: Disabled
 NUMA Support: Disabled
 Compressed Oops: Enabled (32-bit)
 Heap Region Size: 1M
 Heap Min Capacity: 8M
 Heap Initial Capacity: 62M
 Heap Max Capacity: 990M
 Pre-touch: Disabled
 Parallel Workers: 4
 Concurrent Workers: 1
 Concurrent Refinement Workers: 4
 Periodic GC: Disabled
Heap:
 garbage-first heap   total 140288K, used 73409K [0x00000000c2200000, 0x0000000100000000)
  region size 1024K, 2 young (2048K), 2 survivors (2048K)
 Metaspace       used 42845K, committed 43264K, reserved 1089536K
  class space    used 5502K, committed 5696K, reserved 1048576K
GC Heap History (20 events):
Event: 12.171 GC heap after
{Heap after GC invocations=8 (full 0):
 garbage-first heap   total 58368K, used 18706K [0x00000000c2200000, 0x0000000100000000)
  region size 1024K, 4 young (4096K), 4 survivors (4096K)
 Metaspace       used 32393K, committed 32640K, reserved 1081344K
  class space    used 4116K, committed 4224K, reserved 1048576K
}
Event: 13.885 GC heap before
{Heap before GC invocations=8 (full 0):
 garbage-first heap   total 58368K, used 37138K [0x00000000c2200000, 0x0000000100000000)
  region size 1024K, 24 young (24576K), 4 survivors (4096K)
 Metaspace       used 35854K, committed 36160K, reserved 1081344K
  class space    used 4638K, committed 4800K, reserved 1048576K
}
Event: 13.906 GC heap after
{Heap after GC invocations=9 (full 0):
 garbage-first heap   total 58368K, used 20723K [0x00000000c2200000, 0x0000000100000000)
  region size 1024K, 2 young (2048K), 2 survivors (2048K)
 Metaspace       used 35854K, committed 36160K, reserved 1081344K
  class space    used 4638K, committed 4800K, reserved 1048576K
}
Event: 14.568 GC heap before
{Heap before GC invocations=10 (full 0):
 garbage-first heap   total 58368K, used 40179K [0x00000000c2200000, 0x0000000100000000)
  region size 1024K, 23 young (23552K), 2 survivors (2048K)
 Metaspace       used 36270K, committed 36608K, reserved 1081344K
  class space    used 4673K, committed 4800K, reserved 1048576K
}
Event: 14.585 GC heap after
{Heap after GC invocations=11 (full 0):
 garbage-first heap   total 58368K, used 24822K [0x00000000c2200000, 0x0000000100000000)
  region size 1024K, 3 young (3072K), 3 survivors (3072K)
 Metaspace       used 36270K, committed 36608K, reserved 1081344K
  class space    used 4673K, committed 4800K, reserved 1048576K
}
Event: 14.928 GC heap before
{Heap before GC invocations=11 (full 0):
 garbage-first heap   total 58368K, used 41206K [0x00000000c2200000, 0x0000000100000000)
  region size 1024K, 20 young (20480K), 3 survivors (3072K)
 Metaspace       used 36474K, committed 36864K, reserved 1081344K
  class space    used 4687K, committed 4864K, reserved 1048576K
}
Event: 14.940 GC heap after
{Heap after GC invocations=12 (full 0):
 garbage-first heap   total 58368K, used 28479K [0x00000000c2200000, 0x0000000100000000)
  region size 1024K, 3 young (3072K), 3 survivors (3072K)
 Metaspace       used 36474K, committed 36864K, reserved 1081344K
  class space    used 4687K, committed 4864K, reserved 1048576K
}
Event: 15.165 GC heap before
{Heap before GC invocations=12 (full 0):
 garbage-first heap   total 58368K, used 41791K [0x00000000c2200000, 0x0000000100000000)
  region size 1024K, 17 young (17408K), 3 survivors (3072K)
 Metaspace       used 37011K, committed 37376K, reserved 1081344K
  class space    used 4750K, committed 4928K, reserved 1048576K
}
Event: 15.178 GC heap after
{Heap after GC invocations=13 (full 0):
 garbage-first heap   total 58368K, used 31441K [0x00000000c2200000, 0x0000000100000000)
  region size 1024K, 3 young (3072K), 3 survivors (3072K)
 Metaspace       used 37011K, committed 37376K, reserved 1081344K
  class space    used 4750K, committed 4928K, reserved 1048576K
}
Event: 15.401 GC heap before
{Heap before GC invocations=14 (full 0):
 garbage-first heap   total 66560K, used 43729K [0x00000000c2200000, 0x0000000100000000)
  region size 1024K, 15 young (15360K), 3 survivors (3072K)
 Metaspace       used 37268K, committed 37632K, reserved 1081344K
  class space    used 4771K, committed 4928K, reserved 1048576K
}
Event: 15.414 GC heap after
{Heap after GC invocations=15 (full 0):
 garbage-first heap   total 66560K, used 33444K [0x00000000c2200000, 0x0000000100000000)
  region size 1024K, 2 young (2048K), 2 survivors (2048K)
 Metaspace       used 37268K, committed 37632K, reserved 1081344K
  class space    used 4771K, committed 4928K, reserved 1048576K
}
Event: 15.425 GC heap before
{Heap before GC invocations=15 (full 0):
 garbage-first heap   total 66560K, used 34468K [0x00000000c2200000, 0x0000000100000000)
  region size 1024K, 3 young (3072K), 2 survivors (2048K)
 Metaspace       used 37279K, committed 37632K, reserved 1081344K
  class space    used 4771K, committed 4928K, reserved 1048576K
}
Event: 15.437 GC heap after
{Heap after GC invocations=16 (full 0):
 garbage-first heap   total 140288K, used 33327K [0x00000000c2200000, 0x0000000100000000)
  region size 1024K, 1 young (1024K), 1 survivors (1024K)
 Metaspace       used 37279K, committed 37632K, reserved 1081344K
  class space    used 4771K, committed 4928K, reserved 1048576K
}
Event: 16.115 GC heap before
{Heap before GC invocations=16 (full 0):
 garbage-first heap   total 140288K, used 94767K [0x00000000c2200000, 0x0000000100000000)
  region size 1024K, 62 young (63488K), 1 survivors (1024K)
 Metaspace       used 38366K, committed 38656K, reserved 1089536K
  class space    used 4843K, committed 4992K, reserved 1048576K
}
Event: 16.159 GC heap after
{Heap after GC invocations=17 (full 0):
 garbage-first heap   total 140288K, used 45056K [0x00000000c2200000, 0x0000000100000000)
  region size 1024K, 8 young (8192K), 8 survivors (8192K)
 Metaspace       used 38366K, committed 38656K, reserved 1089536K
  class space    used 4843K, committed 4992K, reserved 1048576K
}
Event: 17.669 GC heap before
{Heap before GC invocations=17 (full 0):
 garbage-first heap   total 140288K, used 94208K [0x00000000c2200000, 0x0000000100000000)
  region size 1024K, 56 young (57344K), 8 survivors (8192K)
 Metaspace       used 41107K, committed 41536K, reserved 1089536K
  class space    used 5245K, committed 5440K, reserved 1048576K
}
Event: 17.722 GC heap after
{Heap after GC invocations=18 (full 0):
 garbage-first heap   total 140288K, used 56320K [0x00000000c2200000, 0x0000000100000000)
  region size 1024K, 7 young (7168K), 7 survivors (7168K)
 Metaspace       used 41107K, committed 41536K, reserved 1089536K
  class space    used 5245K, committed 5440K, reserved 1048576K
}
Event: 18.094 GC heap before
{Heap before GC invocations=18 (full 0):
 garbage-first heap   total 140288K, used 99328K [0x00000000c2200000, 0x0000000100000000)
  region size 1024K, 49 young (50176K), 7 survivors (7168K)
 Metaspace       used 42413K, committed 42816K, reserved 1089536K
  class space    used 5456K, committed 5632K, reserved 1048576K
}
Event: 18.192 GC heap after
{Heap after GC invocations=19 (full 0):
 garbage-first heap   total 140288K, used 70656K [0x00000000c2200000, 0x0000000100000000)
  region size 1024K, 7 young (7168K), 7 survivors (7168K)
 Metaspace       used 42413K, committed 42816K, reserved 1089536K
  class space    used 5456K, committed 5632K, reserved 1048576K
}
Event: 18.302 GC heap before
{Heap before GC invocations=19 (full 0):
 garbage-first heap   total 140288K, used 103424K [0x00000000c2200000, 0x0000000100000000)
  region size 1024K, 40 young (40960K), 7 survivors (7168K)
 Metaspace       used 42845K, committed 43264K, reserved 1089536K
  class space    used 5502K, committed 5696K, reserved 1048576K
}

